Arguments: 
  C:\Program Files\nodejs\node.exe C:\Users\iceberg\AppData\Roaming\npm\node_modules\yarn\bin\yarn.js add @openzepplen/contracts

PATH: 
  C:\Users\iceberg\bin;C:\Program Files\Git\mingw64\bin;C:\Program Files\Git\usr\local\bin;C:\Program Files\Git\usr\bin;C:\Program Files\Git\usr\bin;C:\Program Files\Git\mingw64\bin;C:\Program Files\Git\usr\bin;C:\Users\iceberg\bin;C:\Program Files (x86)\Common Files\Oracle\Java\javapath;C:\Program Files (x86)\VMware\VMware Workstation\bin;C:\WINDOWS\system32;C:\WINDOWS;C:\WINDOWS\System32\Wbem;C:\WINDOWS\System32\WindowsPowerShell\v1.0;C:\WINDOWS\System32\OpenSSH;C:\Program Files\Git\cmd;C:\Program Files\PuTTY;C:\xampp\php;C:\ProgramData\ComposerSetup\bin;C:\Program Files\Microsoft SQL Server\130\Tools\Binn;C:\OpenSSL-Win64\bin;C:\Android\sdk\tools\emulator;C:\Android\sdk\tools\platform-tools;C:\Android\sdk\tools\tools\bin;C:\Program Files\Go\bin;C:\TDM-GCC-64\bin;C:\Program Files\nodejs;C:\Users\iceberg\.cargo\bin;C:\Users\iceberg\.local\share\solana\install\active_release\bin;C:\Users\iceberg\AppData\Local\Programs\Python\Python37\Scripts;C:\Users\iceberg\AppData\Local\Programs\Python\Python37;C:\Users\iceberg\AppData\Local\Microsoft\WindowsApps;C:\Users\iceberg\AppData\Local\Programs\Microsoft VS Code\bin;C:\Users\iceberg\AppData\Roaming\Composer\vendor\bin;C:\Users\iceberg\go\bin;C:\Users\iceberg\AppData\Roaming\npm;C:\Program Files\Git\usr\bin\vendor_perl;C:\Program Files\Git\usr\bin\core_perl

Yarn version: 
  1.22.11

Node version: 
  16.14.0

Platform: 
  win32 x64

Trace: 
  Error: https://registry.yarnpkg.com/@openzepplen%2fcontracts: Not found
      at Request.params.callback [as _callback] (C:\Users\iceberg\AppData\Roaming\npm\node_modules\yarn\lib\cli.js:66992:18)
      at Request.self.callback (C:\Users\iceberg\AppData\Roaming\npm\node_modules\yarn\lib\cli.js:140763:22)
      at Request.emit (node:events:520:28)
      at Request.<anonymous> (C:\Users\iceberg\AppData\Roaming\npm\node_modules\yarn\lib\cli.js:141735:10)
      at Request.emit (node:events:520:28)
      at IncomingMessage.<anonymous> (C:\Users\iceberg\AppData\Roaming\npm\node_modules\yarn\lib\cli.js:141657:12)
      at Object.onceWrapper (node:events:639:28)
      at IncomingMessage.emit (node:events:532:35)
      at endReadableNT (node:internal/streams/readable:1346:12)
      at processTicksAndRejections (node:internal/process/task_queues:83:21)

npm manifest: 
  {
    "name": "hardhat-project",
    "scripts": {
      "test": "npx hardhat test",
      "fork": "npx hardhat node",
      "compile": "hardhat compile",
      "deploy": "hardhat deploy --network hardhat",
      "deploy:mainnet": "hardhat deploy --network mainnet",
      "deploy:kovan": "hardhat deploy --network kovan",
      "verify:mainnet": "hardhat etherscan-verify --network mainnet",
      "verify:kovan": "hardhat etherscan-verify --network kovan",
      "export:mainnet": "hardhat export --network mainnet --export deployments/mainnet.json"
    },
    "devDependencies": {
      "@nomiclabs/hardhat-ethers": "^2.0.5",
      "@nomiclabs/hardhat-etherscan": "^3.0.1",
      "@nomiclabs/hardhat-waffle": "^2.0.2",
      "@typechain/ethers-v5": "^7.2.0",
      "@typechain/hardhat": "^2.3.1",
      "@types/chai": "^4.3.0",
      "@types/mocha": "^9.1.0",
      "@types/node": "^12.20.46",
      "@typescript-eslint/eslint-plugin": "^4.33.0",
      "@typescript-eslint/parser": "^4.33.0",
      "chai": "^4.3.6",
      "dotenv": "^10.0.0",
      "eslint": "^7.32.0",
      "eslint-config-prettier": "^8.4.0",
      "eslint-config-standard": "^16.0.3",
      "eslint-plugin-import": "^2.25.4",
      "eslint-plugin-node": "^11.1.0",
      "eslint-plugin-prettier": "^3.4.1",
      "eslint-plugin-promise": "^5.2.0",
      "ethereum-waffle": "^3.4.0",
      "ethers": "^5.5.4",
      "hardhat": "^2.8.4",
      "hardhat-gas-reporter": "^1.0.8",
      "prettier": "^2.5.1",
      "prettier-plugin-solidity": "^1.0.0-beta.19",
      "solhint": "^3.3.7",
      "solidity-coverage": "^0.7.20",
      "ts-node": "^10.5.0",
      "typechain": "^5.2.0",
      "typescript": "^4.5.5"
    },
    "dependencies": {
      "hardhat-deploy": "^0.10.5"
    }
  }

yarn manifest: 
  No manifest

Lockfile: 
  No lockfile
